<?xml version="1.0" encoding="UTF-8"?><testrun name="MyTestSuite" project="COMP2603-A2-Test-Student" tests="74" started="74" failures="3" errors="0" ignored="0">
  <testsuite name="MyTestSuite" time="0.159">
    <testsuite name="RoomTest" time="0.018">
      <testcase name="testTemperatureDropSFOn" classname="RoomTest" time="0.005"/>
      <testcase name="testTemperatureDropNothingOn" classname="RoomTest" time="0.0"/>
      <testcase name="testRoomBreezinessSFandCFandACOn" classname="RoomTest" time="0.0"/>
      <testcase name="testRemoveCeilingFan" classname="RoomTest" time="0.002"/>
      <testcase name="testAddDevices" classname="RoomTest" time="0.0"/>
      <testcase name="testRemoveStandingFan" classname="RoomTest" time="0.0"/>
      <testcase name="testTemperatureDropAllOn" classname="RoomTest" time="0.001"/>
      <testcase name="testRemoveLength" classname="RoomTest" time="0.0"/>
      <testcase name="testRoomBreezinessAllOff" classname="RoomTest" time="0.0"/>
      <testcase name="testRemoveAC" classname="RoomTest" time="0.001"/>
      <testcase name="testRoomBreezinessSFAndCFOn" classname="RoomTest" time="0.0"/>
      <testcase name="testRoomBreezinessSFOnly" classname="RoomTest" time="0.0"/>
      <testcase name="testRoomNoisinessSFandCFOn" classname="RoomTest" time="0.001"/>
      <testcase name="testRoomNoisinessSFOn" classname="RoomTest" time="0.0"/>
      <testcase name="testTemperatureDropSFAndCFOn" classname="RoomTest" time="0.002"/>
      <testcase name="testDeviceArrayList" classname="RoomTest" time="0.005"/>
      <testcase name="testGetDevices" classname="RoomTest" time="0.0"/>
      <testcase name="testRoomNoisinessAllOff" classname="RoomTest" time="0.0"/>
      <testcase name="testRoomNoisinessSFandCFandACOn" classname="RoomTest" time="0.001"/>
    </testsuite>
    <testsuite name="ACTest" time="0.032">
      <testcase name="testTurnOff" classname="ACTest" time="0.0"/>
      <testcase name="testCools" classname="ACTest" time="0.0"/>
      <testcase name="testACBreeziness" classname="ACTest" time="0.032"/>
      <testcase name="testACNoisiness" classname="ACTest" time="0.0"/>
      <testcase name="testACCreationID" classname="ACTest" time="0.0"/>
      <testcase name="testIsDevice" classname="ACTest" time="0.0"/>
      <testcase name="testIsPortableDevice" classname="ACTest" time="0.0"/>
      <testcase name="testACisBreezy" classname="ACTest" time="0.0"/>
      <testcase name="testACCreateIDIncrement" classname="ACTest" time="0.0"/>
      <testcase name="testAC_isNoisy" classname="ACTest" time="0.0"/>
      <testcase name="testTurnOn" classname="ACTest" time="0.0"/>
    </testsuite>
    <testsuite name="CeilingFanTest" time="0.0">
      <testcase name="setUpClass" classname="CeilingFanTest" time="0.0"/>
      <testcase name="testCFCreationID" classname="CeilingFanTest" time="0.0"/>
      <testcase name="testCools" classname="CeilingFanTest" time="0.0"/>
      <testcase name="testIsFan" classname="CeilingFanTest" time="0.0"/>
      <testcase name="testCeilingFanBreeziness" classname="CeilingFanTest" time="0.0"/>
      <testcase name="testCeilingFanisNoisy" classname="CeilingFanTest" time="0.0"/>
      <testcase name="testSFCreateIDIncrement" classname="CeilingFanTest" time="0.0"/>
      <testcase name="testCeilingFanNoisiness" classname="CeilingFanTest" time="0.0"/>
      <testcase name="testOnOffDefaultState" classname="CeilingFanTest" time="0.0"/>
      <testcase name="testIsDevice" classname="CeilingFanTest" time="0.0"/>
      <testcase name="testIsPortableDevice" classname="CeilingFanTest" time="0.0"/>
      <testcase name="testOnOffTurnOn" classname="CeilingFanTest" time="0.0"/>
      <testcase name="testOnOffTurnOnThenOff" classname="CeilingFanTest" time="0.0"/>
      <testcase name="testCeilingisBreezy" classname="CeilingFanTest" time="0.0"/>
    </testsuite>
    <testsuite name="CoolingSimulationTest" time="0.092">
      <testcase name="testSwapPortableDevices" classname="CoolingSimulationTest" time="0.0"/>
      <testcase name="testRoom4ConditionsIsNull" classname="CoolingSimulationTest" time="0.0"/>
      <testcase name="testRoom1ConditionsIsNull" classname="CoolingSimulationTest" time="0.0"/>
      <testcase name="testRoom4ConditionsValues" classname="CoolingSimulationTest" time="0.077">
        <failure>java.lang.AssertionError: getRoom(4) returned null after calling coolRoom3()
Expected: is &lt;false&gt;
     but: was &lt;true&gt;&#13;
	at org.hamcrest.MatcherAssert.assertThat(MatcherAssert.java:20)&#13;
	at org.junit.Assert.assertThat(Assert.java:956)&#13;
	at CoolingSimulationTest.testRoom4ConditionsValues(CoolingSimulationTest.java:237)&#13;
	at sun.reflect.NativeMethodAccessorImpl.invoke0(Native Method)&#13;
	at sun.reflect.NativeMethodAccessorImpl.invoke(Unknown Source)&#13;
	at sun.reflect.DelegatingMethodAccessorImpl.invoke(Unknown Source)&#13;
	at java.lang.reflect.Method.invoke(Unknown Source)&#13;
	at org.junit.runners.model.FrameworkMethod$1.runReflectiveCall(FrameworkMethod.java:50)&#13;
	at org.junit.internal.runners.model.ReflectiveCallable.run(ReflectiveCallable.java:12)&#13;
	at org.junit.runners.model.FrameworkMethod.invokeExplosively(FrameworkMethod.java:47)&#13;
	at org.junit.internal.runners.statements.InvokeMethod.evaluate(InvokeMethod.java:17)&#13;
	at org.junit.internal.runners.statements.RunBefores.evaluate(RunBefores.java:26)&#13;
	at org.junit.internal.runners.statements.RunAfters.evaluate(RunAfters.java:27)&#13;
	at org.junit.runners.ParentRunner.runLeaf(ParentRunner.java:325)&#13;
	at org.junit.runners.BlockJUnit4ClassRunner.runChild(BlockJUnit4ClassRunner.java:78)&#13;
	at org.junit.runners.BlockJUnit4ClassRunner.runChild(BlockJUnit4ClassRunner.java:57)&#13;
	at org.junit.runners.ParentRunner$3.run(ParentRunner.java:290)&#13;
	at org.junit.runners.ParentRunner$1.schedule(ParentRunner.java:71)&#13;
	at org.junit.runners.ParentRunner.runChildren(ParentRunner.java:288)&#13;
	at org.junit.runners.ParentRunner.access$000(ParentRunner.java:58)&#13;
	at org.junit.runners.ParentRunner$2.evaluate(ParentRunner.java:268)&#13;
	at org.junit.runners.ParentRunner.run(ParentRunner.java:363)&#13;
	at org.junit.runners.Suite.runChild(Suite.java:128)&#13;
	at org.junit.runners.Suite.runChild(Suite.java:27)&#13;
	at org.junit.runners.ParentRunner$3.run(ParentRunner.java:290)&#13;
	at org.junit.runners.ParentRunner$1.schedule(ParentRunner.java:71)&#13;
	at org.junit.runners.ParentRunner.runChildren(ParentRunner.java:288)&#13;
	at org.junit.runners.ParentRunner.access$000(ParentRunner.java:58)&#13;
	at org.junit.runners.ParentRunner$2.evaluate(ParentRunner.java:268)&#13;
	at org.junit.runners.ParentRunner.run(ParentRunner.java:363)&#13;
	at org.eclipse.jdt.internal.junit4.runner.JUnit4TestReference.run(JUnit4TestReference.java:86)&#13;
	at org.eclipse.jdt.internal.junit.runner.TestExecution.run(TestExecution.java:38)&#13;
	at org.eclipse.jdt.internal.junit.runner.RemoteTestRunner.runTests(RemoteTestRunner.java:459)&#13;
	at org.eclipse.jdt.internal.junit.runner.RemoteTestRunner.runTests(RemoteTestRunner.java:678)&#13;
	at org.eclipse.jdt.internal.junit.runner.RemoteTestRunner.run(RemoteTestRunner.java:382)&#13;
	at org.eclipse.jdt.internal.junit.runner.RemoteTestRunner.main(RemoteTestRunner.java:192)&#13;
&#13;
</failure>
      </testcase>
      <testcase name="testDevicesCreatedRoom1" classname="CoolingSimulationTest" time="0.001"/>
      <testcase name="testDevicesCreatedRoom2" classname="CoolingSimulationTest" time="0.001"/>
      <testcase name="testDevicesCreatedRoom3" classname="CoolingSimulationTest" time="0.001"/>
      <testcase name="testDevicesCreatedRoom4" classname="CoolingSimulationTest" time="0.001"/>
      <testcase name="testRoom1ConditionsValues" classname="CoolingSimulationTest" time="0.0"/>
      <testcase name="testRoom2ConditionsIsNull" classname="CoolingSimulationTest" time="0.001"/>
      <testcase name="testRoom2ConditionsValues" classname="CoolingSimulationTest" time="0.0"/>
      <testcase name="testRoomsCreatedLength" classname="CoolingSimulationTest" time="0.001"/>
      <testcase name="testRoomsCreatedIsNotNull" classname="CoolingSimulationTest" time="0.001"/>
      <testcase name="testRoom3ConditionsIsNull" classname="CoolingSimulationTest" time="0.001"/>
      <testcase name="testSwapPortableDevicesRoom4Length" classname="CoolingSimulationTest" time="0.002"/>
      <testcase name="testRoom3ConditionsValues" classname="CoolingSimulationTest" time="0.002"/>
    </testsuite>
    <testsuite name="StandingFanTest" time="0.016">
      <testcase name="setUpClass" classname="StandingFanTest" time="0.0"/>
      <testcase name="testStandingFanIsBreezy" classname="StandingFanTest" time="0.001"/>
      <testcase name="testCools" classname="StandingFanTest" time="0.0"/>
      <testcase name="testIsFan" classname="StandingFanTest" time="0.0"/>
      <testcase name="testSFCreateIDIncrement" classname="StandingFanTest" time="0.005">
        <failure>java.lang.AssertionError: Incorrect SF ID format
Expected: is &lt;true&gt;
     but: was &lt;false&gt;&#13;
	at org.hamcrest.MatcherAssert.assertThat(MatcherAssert.java:20)&#13;
	at org.junit.Assert.assertThat(Assert.java:956)&#13;
	at StandingFanTest.testSFCreateIDIncrement(StandingFanTest.java:60)&#13;
	at sun.reflect.NativeMethodAccessorImpl.invoke0(Native Method)&#13;
	at sun.reflect.NativeMethodAccessorImpl.invoke(Unknown Source)&#13;
	at sun.reflect.DelegatingMethodAccessorImpl.invoke(Unknown Source)&#13;
	at java.lang.reflect.Method.invoke(Unknown Source)&#13;
	at org.junit.runners.model.FrameworkMethod$1.runReflectiveCall(FrameworkMethod.java:50)&#13;
	at org.junit.internal.runners.model.ReflectiveCallable.run(ReflectiveCallable.java:12)&#13;
	at org.junit.runners.model.FrameworkMethod.invokeExplosively(FrameworkMethod.java:47)&#13;
	at org.junit.internal.runners.statements.InvokeMethod.evaluate(InvokeMethod.java:17)&#13;
	at org.junit.runners.ParentRunner.runLeaf(ParentRunner.java:325)&#13;
	at org.junit.runners.BlockJUnit4ClassRunner.runChild(BlockJUnit4ClassRunner.java:78)&#13;
	at org.junit.runners.BlockJUnit4ClassRunner.runChild(BlockJUnit4ClassRunner.java:57)&#13;
	at org.junit.runners.ParentRunner$3.run(ParentRunner.java:290)&#13;
	at org.junit.runners.ParentRunner$1.schedule(ParentRunner.java:71)&#13;
	at org.junit.runners.ParentRunner.runChildren(ParentRunner.java:288)&#13;
	at org.junit.runners.ParentRunner.access$000(ParentRunner.java:58)&#13;
	at org.junit.runners.ParentRunner$2.evaluate(ParentRunner.java:268)&#13;
	at org.junit.runners.ParentRunner.run(ParentRunner.java:363)&#13;
	at org.junit.runners.Suite.runChild(Suite.java:128)&#13;
	at org.junit.runners.Suite.runChild(Suite.java:27)&#13;
	at org.junit.runners.ParentRunner$3.run(ParentRunner.java:290)&#13;
	at org.junit.runners.ParentRunner$1.schedule(ParentRunner.java:71)&#13;
	at org.junit.runners.ParentRunner.runChildren(ParentRunner.java:288)&#13;
	at org.junit.runners.ParentRunner.access$000(ParentRunner.java:58)&#13;
	at org.junit.runners.ParentRunner$2.evaluate(ParentRunner.java:268)&#13;
	at org.junit.runners.ParentRunner.run(ParentRunner.java:363)&#13;
	at org.eclipse.jdt.internal.junit4.runner.JUnit4TestReference.run(JUnit4TestReference.java:86)&#13;
	at org.eclipse.jdt.internal.junit.runner.TestExecution.run(TestExecution.java:38)&#13;
	at org.eclipse.jdt.internal.junit.runner.RemoteTestRunner.runTests(RemoteTestRunner.java:459)&#13;
	at org.eclipse.jdt.internal.junit.runner.RemoteTestRunner.runTests(RemoteTestRunner.java:678)&#13;
	at org.eclipse.jdt.internal.junit.runner.RemoteTestRunner.run(RemoteTestRunner.java:382)&#13;
	at org.eclipse.jdt.internal.junit.runner.RemoteTestRunner.main(RemoteTestRunner.java:192)&#13;
&#13;
</failure>
      </testcase>
      <testcase name="testOnOffDefaultState" classname="StandingFanTest" time="0.0"/>
      <testcase name="testIsDevice" classname="StandingFanTest" time="0.002"/>
      <testcase name="testIsPortableDevice" classname="StandingFanTest" time="0.0"/>
      <testcase name="testOnOffTurnOn" classname="StandingFanTest" time="0.001"/>
      <testcase name="testSFCreationID" classname="StandingFanTest" time="0.001">
        <failure>java.lang.AssertionError: ID prefix should be SFAN
Expected: is &lt;false&gt;
     but: was &lt;true&gt;&#13;
	at org.hamcrest.MatcherAssert.assertThat(MatcherAssert.java:20)&#13;
	at org.junit.Assert.assertThat(Assert.java:956)&#13;
	at StandingFanTest.testSFCreationID(StandingFanTest.java:45)&#13;
	at sun.reflect.NativeMethodAccessorImpl.invoke0(Native Method)&#13;
	at sun.reflect.NativeMethodAccessorImpl.invoke(Unknown Source)&#13;
	at sun.reflect.DelegatingMethodAccessorImpl.invoke(Unknown Source)&#13;
	at java.lang.reflect.Method.invoke(Unknown Source)&#13;
	at org.junit.runners.model.FrameworkMethod$1.runReflectiveCall(FrameworkMethod.java:50)&#13;
	at org.junit.internal.runners.model.ReflectiveCallable.run(ReflectiveCallable.java:12)&#13;
	at org.junit.runners.model.FrameworkMethod.invokeExplosively(FrameworkMethod.java:47)&#13;
	at org.junit.internal.runners.statements.InvokeMethod.evaluate(InvokeMethod.java:17)&#13;
	at org.junit.runners.ParentRunner.runLeaf(ParentRunner.java:325)&#13;
	at org.junit.runners.BlockJUnit4ClassRunner.runChild(BlockJUnit4ClassRunner.java:78)&#13;
	at org.junit.runners.BlockJUnit4ClassRunner.runChild(BlockJUnit4ClassRunner.java:57)&#13;
	at org.junit.runners.ParentRunner$3.run(ParentRunner.java:290)&#13;
	at org.junit.runners.ParentRunner$1.schedule(ParentRunner.java:71)&#13;
	at org.junit.runners.ParentRunner.runChildren(ParentRunner.java:288)&#13;
	at org.junit.runners.ParentRunner.access$000(ParentRunner.java:58)&#13;
	at org.junit.runners.ParentRunner$2.evaluate(ParentRunner.java:268)&#13;
	at org.junit.runners.ParentRunner.run(ParentRunner.java:363)&#13;
	at org.junit.runners.Suite.runChild(Suite.java:128)&#13;
	at org.junit.runners.Suite.runChild(Suite.java:27)&#13;
	at org.junit.runners.ParentRunner$3.run(ParentRunner.java:290)&#13;
	at org.junit.runners.ParentRunner$1.schedule(ParentRunner.java:71)&#13;
	at org.junit.runners.ParentRunner.runChildren(ParentRunner.java:288)&#13;
	at org.junit.runners.ParentRunner.access$000(ParentRunner.java:58)&#13;
	at org.junit.runners.ParentRunner$2.evaluate(ParentRunner.java:268)&#13;
	at org.junit.runners.ParentRunner.run(ParentRunner.java:363)&#13;
	at org.eclipse.jdt.internal.junit4.runner.JUnit4TestReference.run(JUnit4TestReference.java:86)&#13;
	at org.eclipse.jdt.internal.junit.runner.TestExecution.run(TestExecution.java:38)&#13;
	at org.eclipse.jdt.internal.junit.runner.RemoteTestRunner.runTests(RemoteTestRunner.java:459)&#13;
	at org.eclipse.jdt.internal.junit.runner.RemoteTestRunner.runTests(RemoteTestRunner.java:678)&#13;
	at org.eclipse.jdt.internal.junit.runner.RemoteTestRunner.run(RemoteTestRunner.java:382)&#13;
	at org.eclipse.jdt.internal.junit.runner.RemoteTestRunner.main(RemoteTestRunner.java:192)&#13;
&#13;
</failure>
      </testcase>
      <testcase name="testStandingFanNoisiness" classname="StandingFanTest" time="0.001"/>
      <testcase name="testStandingFanIsNoisy" classname="StandingFanTest" time="0.001"/>
      <testcase name="testStandingFanBreeziness" classname="StandingFanTest" time="0.0"/>
      <testcase name="testOnOffTurnOnThenOff" classname="StandingFanTest" time="0.002"/>
    </testsuite>
  </testsuite>
</testrun>
