<?xml version="1.0" encoding="UTF-8"?><testrun name="CoolingSimulationTest" project="COMP2603-A2-Test-Student" tests="16" started="16" failures="1" errors="0" ignored="0">
  <testsuite name="CoolingSimulationTest" time="0.0">
    <testcase name="testSwapPortableDevices" classname="CoolingSimulationTest" time="0.0"/>
    <testcase name="testRoom4ConditionsIsNull" classname="CoolingSimulationTest" time="0.0"/>
    <testcase name="testRoom1ConditionsIsNull" classname="CoolingSimulationTest" time="0.0"/>
    <testcase name="testRoom4ConditionsValues" classname="CoolingSimulationTest" time="0.0">
      <failure>java.lang.AssertionError: getRoom(4) returned null after calling coolRoom4()
Expected: is &lt;false&gt;
     but: was &lt;true&gt;&#13;
	at org.hamcrest.MatcherAssert.assertThat(MatcherAssert.java:20)&#13;
	at org.junit.Assert.assertThat(Assert.java:956)&#13;
	at CoolingSimulationTest.testRoom4ConditionsValues(CoolingSimulationTest.java:237)&#13;
	at sun.reflect.NativeMethodAccessorImpl.invoke0(Native Method)&#13;
	at sun.reflect.NativeMethodAccessorImpl.invoke(Unknown Source)&#13;
	at sun.reflect.DelegatingMethodAccessorImpl.invoke(Unknown Source)&#13;
	at java.lang.reflect.Method.invoke(Unknown Source)&#13;
	at org.junit.runners.model.FrameworkMethod$1.runReflectiveCall(FrameworkMethod.java:50)&#13;
	at org.junit.internal.runners.model.ReflectiveCallable.run(ReflectiveCallable.java:12)&#13;
	at org.junit.runners.model.FrameworkMethod.invokeExplosively(FrameworkMethod.java:47)&#13;
	at org.junit.internal.runners.statements.InvokeMethod.evaluate(InvokeMethod.java:17)&#13;
	at org.junit.internal.runners.statements.RunBefores.evaluate(RunBefores.java:26)&#13;
	at org.junit.internal.runners.statements.RunAfters.evaluate(RunAfters.java:27)&#13;
	at org.junit.runners.ParentRunner.runLeaf(ParentRunner.java:325)&#13;
	at org.junit.runners.BlockJUnit4ClassRunner.runChild(BlockJUnit4ClassRunner.java:78)&#13;
	at org.junit.runners.BlockJUnit4ClassRunner.runChild(BlockJUnit4ClassRunner.java:57)&#13;
	at org.junit.runners.ParentRunner$3.run(ParentRunner.java:290)&#13;
	at org.junit.runners.ParentRunner$1.schedule(ParentRunner.java:71)&#13;
	at org.junit.runners.ParentRunner.runChildren(ParentRunner.java:288)&#13;
	at org.junit.runners.ParentRunner.access$000(ParentRunner.java:58)&#13;
	at org.junit.runners.ParentRunner$2.evaluate(ParentRunner.java:268)&#13;
	at org.junit.runners.ParentRunner.run(ParentRunner.java:363)&#13;
	at org.eclipse.jdt.internal.junit4.runner.JUnit4TestReference.run(JUnit4TestReference.java:86)&#13;
	at org.eclipse.jdt.internal.junit.runner.TestExecution.run(TestExecution.java:38)&#13;
	at org.eclipse.jdt.internal.junit.runner.RemoteTestRunner.runTests(RemoteTestRunner.java:459)&#13;
	at org.eclipse.jdt.internal.junit.runner.RemoteTestRunner.runTests(RemoteTestRunner.java:678)&#13;
	at org.eclipse.jdt.internal.junit.runner.RemoteTestRunner.run(RemoteTestRunner.java:382)&#13;
	at org.eclipse.jdt.internal.junit.runner.RemoteTestRunner.main(RemoteTestRunner.java:192)&#13;
&#13;
</failure>
    </testcase>
    <testcase name="testDevicesCreatedRoom1" classname="CoolingSimulationTest" time="0.0"/>
    <testcase name="testDevicesCreatedRoom2" classname="CoolingSimulationTest" time="0.0"/>
    <testcase name="testDevicesCreatedRoom3" classname="CoolingSimulationTest" time="0.0"/>
    <testcase name="testDevicesCreatedRoom4" classname="CoolingSimulationTest" time="0.0"/>
    <testcase name="testRoom1ConditionsValues" classname="CoolingSimulationTest" time="0.0"/>
    <testcase name="testRoom2ConditionsIsNull" classname="CoolingSimulationTest" time="0.0"/>
    <testcase name="testRoom2ConditionsValues" classname="CoolingSimulationTest" time="0.0"/>
    <testcase name="testRoomsCreatedLength" classname="CoolingSimulationTest" time="0.0"/>
    <testcase name="testRoomsCreatedIsNotNull" classname="CoolingSimulationTest" time="0.0"/>
    <testcase name="testRoom3ConditionsIsNull" classname="CoolingSimulationTest" time="0.0"/>
    <testcase name="testSwapPortableDevicesRoom4Length" classname="CoolingSimulationTest" time="0.0"/>
    <testcase name="testRoom3ConditionsValues" classname="CoolingSimulationTest" time="0.0"/>
  </testsuite>
</testrun>
