<?xml version="1.0" encoding="UTF-8"?><testrun name="ACTest" project="COMP2603Marker" tests="9" started="9" failures="1" errors="0" ignored="0">
  <testsuite name="com.ta.sample.A2.ACTest" time="0.023">
    <testcase name="testOnOff" classname="com.ta.sample.A2.ACTest" time="0.0"/>
    <testcase name="testACBreeziness" classname="com.ta.sample.A2.ACTest" time="0.016">
      <failure>java.lang.AssertionError: getBreeziness should return 0
Expected: is &lt;1&gt;
     but: was &lt;0&gt;&#13;
	at org.hamcrest.MatcherAssert.assertThat(MatcherAssert.java:20)&#13;
	at org.junit.Assert.assertThat(Assert.java:956)&#13;
	at com.ta.sample.A2.ACTest.testACBreeziness(ACTest.java:75)&#13;
	at sun.reflect.NativeMethodAccessorImpl.invoke0(Native Method)&#13;
	at sun.reflect.NativeMethodAccessorImpl.invoke(Unknown Source)&#13;
	at sun.reflect.DelegatingMethodAccessorImpl.invoke(Unknown Source)&#13;
	at java.lang.reflect.Method.invoke(Unknown Source)&#13;
	at org.junit.runners.model.FrameworkMethod$1.runReflectiveCall(FrameworkMethod.java:50)&#13;
	at org.junit.internal.runners.model.ReflectiveCallable.run(ReflectiveCallable.java:12)&#13;
	at org.junit.runners.model.FrameworkMethod.invokeExplosively(FrameworkMethod.java:47)&#13;
	at org.junit.internal.runners.statements.InvokeMethod.evaluate(InvokeMethod.java:17)&#13;
	at org.junit.internal.runners.statements.RunBefores.evaluate(RunBefores.java:26)&#13;
	at org.junit.internal.runners.statements.RunAfters.evaluate(RunAfters.java:27)&#13;
	at org.junit.runners.ParentRunner.runLeaf(ParentRunner.java:325)&#13;
	at org.junit.runners.BlockJUnit4ClassRunner.runChild(BlockJUnit4ClassRunner.java:78)&#13;
	at org.junit.runners.BlockJUnit4ClassRunner.runChild(BlockJUnit4ClassRunner.java:57)&#13;
	at org.junit.runners.ParentRunner$3.run(ParentRunner.java:290)&#13;
	at org.junit.runners.ParentRunner$1.schedule(ParentRunner.java:71)&#13;
	at org.junit.runners.ParentRunner.runChildren(ParentRunner.java:288)&#13;
	at org.junit.runners.ParentRunner.access$000(ParentRunner.java:58)&#13;
	at org.junit.runners.ParentRunner$2.evaluate(ParentRunner.java:268)&#13;
	at org.junit.runners.ParentRunner.run(ParentRunner.java:363)&#13;
	at org.eclipse.jdt.internal.junit4.runner.JUnit4TestReference.run(JUnit4TestReference.java:86)&#13;
	at org.eclipse.jdt.internal.junit.runner.TestExecution.run(TestExecution.java:38)&#13;
	at org.eclipse.jdt.internal.junit.runner.RemoteTestRunner.runTests(RemoteTestRunner.java:459)&#13;
	at org.eclipse.jdt.internal.junit.runner.RemoteTestRunner.runTests(RemoteTestRunner.java:678)&#13;
	at org.eclipse.jdt.internal.junit.runner.RemoteTestRunner.run(RemoteTestRunner.java:382)&#13;
	at org.eclipse.jdt.internal.junit.runner.RemoteTestRunner.main(RemoteTestRunner.java:192)&#13;
&#13;
</failure>
    </testcase>
    <testcase name="testACNoisiness" classname="com.ta.sample.A2.ACTest" time="0.001"/>
    <testcase name="testACCreationID" classname="com.ta.sample.A2.ACTest" time="0.001"/>
    <testcase name="testIsDevice" classname="com.ta.sample.A2.ACTest" time="0.0"/>
    <testcase name="testIsPortableDevice" classname="com.ta.sample.A2.ACTest" time="0.002"/>
    <testcase name="testACisBreezy" classname="com.ta.sample.A2.ACTest" time="0.0"/>
    <testcase name="testACCreateIDIncrement" classname="com.ta.sample.A2.ACTest" time="0.001"/>
    <testcase name="testAC_isNoisy" classname="com.ta.sample.A2.ACTest" time="0.001"/>
  </testsuite>
</testrun>
